Start testing: Aug 02 10:55 CEST
----------------------------------------------------------
1/6 Testing: FirstCTEST
1/6 Test: FirstCTEST
Command: "/home/levrague/Documents/apps/cpop-2.0/cpop-2.0/build/test/CustomTest/firstTest"
Directory: /home/levrague/Documents/apps/cpop-2.0/cpop-2.0/build/test/CustomTest
"FirstCTEST" start time: Aug 02 10:55 CEST
Output:
----------------------------------------------------------
===============================================================================
All tests passed (22 assertions in 1 test case)

<end of output>
Test time =   0.00 sec
----------------------------------------------------------
Test Pass Reason:
Required regular expression found. Regex=[All tests passed]
"FirstCTEST" end time: Aug 02 10:55 CEST
"FirstCTEST" time elapsed: 00:00:00
----------------------------------------------------------

2/6 Testing: cReaderCTest
2/6 Test: cReaderCTest
Command: "/home/levrague/Documents/apps/cpop-2.0/cpop-2.0/build/test/cReaderTest/cReaderTest"
Directory: /home/levrague/Documents/apps/cpop-2.0/cpop-2.0/build/test/cReaderTest
"cReaderCTest" start time: Aug 02 10:55 CEST
Output:
----------------------------------------------------------
===============================================================================
All tests passed (28 assertions in 2 test cases)

<end of output>
Test time =   0.00 sec
----------------------------------------------------------
Test Pass Reason:
Required regular expression found. Regex=[All tests passed]
"cReaderCTest" end time: Aug 02 10:55 CEST
"cReaderCTest" time elapsed: 00:00:00
----------------------------------------------------------

3/6 Testing: PopulationCTEST
3/6 Test: PopulationCTEST
Command: "/home/levrague/Documents/apps/cpop-2.0/cpop-2.0/build/test/PopulationTest/PopulationTest"
Directory: /home/levrague/Documents/apps/cpop-2.0/cpop-2.0/build/test/PopulationTest
"PopulationCTEST" start time: Aug 02 10:55 CEST
Output:
----------------------------------------------------------


 nb_cell_xml 

1000
  ---    INFORMATION     --- @@@ SpheroidalCellMesh : starting convertion to G4World 
bounding box in G4 reference = 0.120742, 0.120278, 0.124174
origin of the spheroid in G4 reference = -0.00144219 -0.0038558 -0.0101045
  ---    INFORMATION     --- @@@ SpheroidalCellMesh : starting convertion to G4Logical 
Problem with opening txt file for massesProblem with opening txt file for massesProblem with opening txt file for massesProblem with opening txt file for massesProblem with opening txt file for massesProblem with opening txt file for massesProblem with opening txt file for massesProblem with opening txt file for massesProblem with opening txt file for massesProblem with opening txt file for massesProblem with opening txt file for massesProblem with opening txt file for massesProblem with opening txt file for massesProblem with opening txt file for massesProblem with opening txt file for massesProblem with opening txt file for massesProblem with opening txt file for massesProblem with opening txt file for massesProblem with opening txt file for massesProblem with opening txt file for massesProblem with opening txt file for massesProblem with opening txt file for massesProblem with opening txt file for massesProblem with opening txt file for massesProblem with opening txt file for massesProblem with opening txt file for massesProblem with opening txt file for massesProblem with opening txt file for massesProblem with opening txt file for massesProblem with opening txt file for massesProblem with opening txt file for massesProblem with opening txt file for massesProblem with opening txt file for massesProblem with opening txt file for massesProblem with opening txt file for massesProblem with opening txt file for massesProblem with opening txt file for massesProblem with opening txt file for massesProblem with opening txt file for massesProblem with opening txt file for massesProblem with opening txt file for massesProblem with opening txt file for massesProblem with opening txt file for massesProblem with opening txt file for massesProblem with opening txt file for massesProblem with opening txt file for massesProblem with opening txt file for massesProblem with opening txt file for massesProblem with opening txt file for massesProblem with opening txt file for massesProblem with opening txt file for massesProblem with opening txt file for massesProblem with opening txt file for massesProblem with opening txt file for massesProblem with opening txt file for massesProblem with opening txt file for massesProblem with opening txt file for massesProblem with opening txt file for massesProblem with opening txt file for massesProblem with opening txt file for massesProblem with opening txt file for massesProblem with opening txt file for massesProblem with opening txt file for massesProblem with opening txt file for massesProblem with opening txt file for massesProblem with opening txt file for massesProblem with opening txt file for massesProblem with opening txt file for massesProblem with opening txt file for massesProblem with opening txt file for massesProblem with opening txt file for massesProblem with opening txt file for massesProblem with opening txt file for massesProblem with opening txt file for massesProblem with opening txt file for massesProblem with opening txt file for massesProblem with opening txt file for massesProblem with opening txt file for massesProblem with opening txt file for massesProblem with opening txt file for massesProblem with opening txt file for massesProblem with opening txt file for massesProblem with opening txt file for massesProblem with opening txt file for massesProblem with opening txt file for massesProblem with opening txt file for massesProblem with opening txt file for massesProblem with opening txt file for massesProblem with opening txt file for massesProblem with opening txt file for massesProblem with opening txt file for massesProblem with opening txt file for massesProblem with opening txt file for massesProblem with opening txt file for massesProblem with opening txt file for massesProblem with opening txt file for massesProblem with opening txt file for massesProblem with opening txt file for massesProblem with opening txt file for massesProblem with opening txt file for massesProblem with opening txt file for massesProblem with opening txt file for massesProblem with opening txt file for massesProblem with opening txt file for massesProblem with opening txt file for massesProblem with opening txt file for massesProblem with opening txt file for massesProblem with opening txt file for massesProblem with opening txt file for massesProblem with opening txt file for massesProblem with opening txt file for massesProblem with opening txt file for massesProblem with opening txt file for massesProblem with opening txt file for massesProblem with opening txt file for massesProblem with opening txt file for massesProblem with opening txt file for massesProblem with opening txt file for massesProblem with opening txt file for massesProblem with opening txt file for massesProblem with opening txt file for massesProblem with opening txt file for massesProblem with opening txt file for massesProblem with opening txt file for massesProblem with opening txt file for massesProblem with opening txt file for massesProblem with opening txt file for massesProblem with opening txt file for massesProblem with opening txt file for massesProblem with opening txt file for massesProblem with opening txt file for massesProblem with opening txt file for massesProblem with opening txt file for massesProblem with opening txt file for massesProblem with opening txt file for massesProblem with opening txt file for massesProblem with opening txt file for massesProblem with opening txt file for massesProblem with opening txt file for massesProblem with opening txt file for massesProblem with opening txt file for massesProblem with opening txt file for massesProblem with opening txt file for massesProblem with opening txt file for massesProblem with opening txt file for massesProblem with opening txt file for massesProblem with opening txt file for massesProblem with opening txt file for massesProblem with opening txt file for massesProblem with opening txt file for massesProblem with opening txt file for massesProblem with opening txt file for massesProblem with opening txt file for massesProblem with opening txt file for massesProblem with opening txt file for massesProblem with opening txt file for massesProblem with opening txt file for massesProblem with opening txt file for massesProblem with opening txt file for massesProblem with opening txt file for massesProblem with opening txt file for massesProblem with opening txt file for massesProblem with opening txt file for massesProblem with opening txt file for massesProblem with opening txt file for massesProblem with opening txt file for massesProblem with opening txt file for massesProblem with opening txt file for massesProblem with opening txt file for massesProblem with opening txt file for massesProblem with opening txt file for massesProblem with opening txt file for massesProblem with opening txt file for massesProblem with opening txt file for massesProblem with opening txt file for massesProblem with opening txt file for massesProblem with opening txt file for massesProblem with opening txt file for massesProblem with opening txt file for massesProblem with opening txt file for massesProblem with opening txt file for massesProblem with opening txt file for massesProblem with opening txt file for massesProblem with opening txt file for massesProblem with opening txt file for massesProblem with opening txt file for massesProblem with opening txt file for massesProblem with opening txt file for massesProblem with opening txt file for massesProblem with opening txt file for massesProblem with opening txt file for massesProblem with opening txt file for massesProblem with opening txt file for massesProblem with opening txt file for massesProblem with opening txt file for massesProblem with opening txt file for massesProblem with opening txt file for massesProblem with opening txt file for massesProblem with opening txt file for massesProblem with opening txt file for massesProblem with opening txt file for massesProblem with opening txt file for massesProblem with opening txt file for massesProblem with opening txt file for massesProblem with opening txt file for massesProblem with opening txt file for massesProblem with opening txt file for massesProblem with opening txt file for massesProblem with opening txt file for massesProblem with opening txt file for massesProblem with opening txt file for massesProblem with opening txt file for massesProblem with opening txt file for massesProblem with opening txt file for massesProblem with opening txt file for massesProblem with opening txt file for massesProblem with opening txt file for massesProblem with opening txt file for massesProblem with opening txt file for massesProblem with opening txt file for massesProblem with opening txt file for massesProblem with opening txt file for massesProblem with opening txt file for massesProblem with opening txt file for massesProblem with opening txt file for massesProblem with opening txt file for massesProblem with opening txt file for massesProblem with opening txt file for massesProblem with opening txt file for massesProblem with opening txt file for massesProblem with opening txt file for massesProblem with opening txt file for massesProblem with opening txt file for massesProblem with opening txt file for massesProblem with opening txt file for massesProblem with opening txt file for massesProblem with opening txt file for massesProblem with opening txt file for massesProblem with opening txt file for massesProblem with opening txt file for massesProblem with opening txt file for massesProblem with opening txt file for massesProblem with opening txt file for massesProblem with opening txt file for massesProblem with opening txt file for massesProblem with opening txt file for massesProblem with opening txt file for massesProblem with opening txt file for massesProblem with opening txt file for massesProblem with opening txt file for massesProblem with opening txt file for massesProblem with opening txt file for massesProblem with opening txt file for massesProblem with opening txt file for massesProblem with opening txt file for massesProblem with opening txt file for massesProblem with opening txt file for massesProblem with opening txt file for massesProblem with opening txt file for massesProblem with opening txt file for massesProblem with opening txt file for massesProblem with opening txt file for massesProblem with opening txt file for massesProblem with opening txt file for massesProblem with opening txt file for massesProblem with opening txt file for massesProblem with opening txt file for massesProblem with opening txt file for massesProblem with opening txt file for massesProblem with opening txt file for massesProblem with opening txt file for massesProblem with opening txt file for massesProblem with opening txt file for massesProblem with opening txt file for massesProblem with opening txt file for massesProblem with opening txt file for massesProblem with opening txt file for massesProblem with opening txt file for massesProblem with opening txt file for massesProblem with opening txt file for massesProblem with opening txt file for massesProblem with opening txt file for massesProblem with opening txt file for massesProblem with opening txt file for massesProblem with opening txt file for massesProblem with opening txt file for massesProblem with opening txt file for massesProblem with opening txt file for massesProblem with opening txt file for massesProblem with opening txt file for massesProblem with opening txt file for massesProblem with opening txt file for massesProblem with opening txt file for massesProblem with opening txt file for massesProblem with opening txt file for massesProblem with opening txt file for massesProblem with opening txt file for massesProblem with opening txt file for massesProblem with opening txt file for massesProblem with opening txt file for massesProblem with opening txt file for massesProblem with opening txt file for massesProblem with opening txt file for massesProblem with opening txt file for massesProblem with opening txt file for massesProblem with opening txt file for massesProblem with opening txt file for massesProblem with opening txt file for massesProblem with opening txt file for massesProblem with opening txt file for massesProblem with opening txt file for massesProblem with opening txt file for massesProblem with opening txt file for massesProblem with opening txt file for massesProblem with opening txt file for massesProblem with opening txt file for massesProblem with opening txt file for massesProblem with opening txt file for massesProblem with opening txt file for massesProblem with opening txt file for massesProblem with opening txt file for massesProblem with opening txt file for massesProblem with opening txt file for massesProblem with opening txt file for massesProblem with opening txt file for massesProblem with opening txt file for massesProblem with opening txt file for massesProblem with opening txt file for massesProblem with opening txt file for massesProblem with opening txt file for massesProblem with opening txt file for massesProblem with opening txt file for massesProblem with opening txt file for massesProblem with opening txt file for massesProblem with opening txt file for massesProblem with opening txt file for massesProblem with opening txt file for massesProblem with opening txt file for massesProblem with opening txt file for massesProblem with opening txt file for massesProblem with opening txt file for massesProblem with opening txt file for massesProblem with opening txt file for massesProblem with opening txt file for massesProblem with opening txt file for massesProblem with opening txt file for massesProblem with opening txt file for massesProblem with opening txt file for massesProblem with opening txt file for massesProblem with opening txt file for massesProblem with opening txt file for massesProblem with opening txt file for massesProblem with opening txt file for massesProblem with opening txt file for massesProblem with opening txt file for massesProblem with opening txt file for massesProblem with opening txt file for massesProblem with opening txt file for massesProblem with opening txt file for massesProblem with opening txt file for massesProblem with opening txt file for massesProblem with opening txt file for massesProblem with opening txt file for massesProblem with opening txt file for massesProblem with opening txt file for massesProblem with opening txt file for massesProblem with opening txt file for massesProblem with opening txt file for massesProblem with opening txt file for massesProblem with opening txt file for massesProblem with opening txt file for massesProblem with opening txt file for massesProblem with opening txt file for massesProblem with opening txt file for massesProblem with opening txt file for massesProblem with opening txt file for massesProblem with opening txt file for massesProblem with opening txt file for massesProblem with opening txt file for massesProblem with opening txt file for massesProblem with opening txt file for massesProblem with opening txt file for massesProblem with opening txt file for massesProblem with opening txt file for massesProblem with opening txt file for massesProblem with opening txt file for massesProblem with opening txt file for massesProblem with opening txt file for massesProblem with opening txt file for massesProblem with opening txt file for massesProblem with opening txt file for massesProblem with opening txt file for massesProblem with opening txt file for massesProblem with opening txt file for massesProblem with opening txt file for massesProblem with opening txt file for massesProblem with opening txt file for massesProblem with opening txt file for massesProblem with opening txt file for massesProblem with opening txt file for massesProblem with opening txt file for massesProblem with opening txt file for massesProblem with opening txt file for massesProblem with opening txt file for massesProblem with opening txt file for massesProblem with opening txt file for massesProblem with opening txt file for massesProblem with opening txt file for massesProblem with opening txt file for massesProblem with opening txt file for massesProblem with opening txt file for massesProblem with opening txt file for massesProblem with opening txt file for massesProblem with opening txt file for massesProblem with opening txt file for massesProblem with opening txt file for massesProblem with opening txt file for massesProblem with opening txt file for massesProblem with opening txt file for massesProblem with opening txt file for massesProblem with opening txt file for massesProblem with opening txt file for massesProblem with opening txt file for massesProblem with opening txt file for massesProblem with opening txt file for massesProblem with opening txt file for massesProblem with opening txt file for massesProblem with opening txt file for massesProblem with opening txt file for massesProblem with opening txt file for massesProblem with opening txt file for massesProblem with opening txt file for massesProblem with opening txt file for massesProblem with opening txt file for massesProblem with opening txt file for massesProblem with opening txt file for massesProblem with opening txt file for massesProblem with opening txt file for massesProblem with opening txt file for massesProblem with opening txt file for massesProblem with opening txt file for massesProblem with opening txt file for massesProblem with opening txt file for massesProblem with opening txt file for massesProblem with opening txt file for massesProblem with opening txt file for massesProblem with opening txt file for massesProblem with opening txt file for massesProblem with opening txt file for massesProblem with opening txt file for massesProblem with opening txt file for massesProblem with opening txt file for massesProblem with opening txt file for massesProblem with opening txt file for massesProblem with opening txt file for massesProblem with opening txt file for massesProblem with opening txt file for massesProblem with opening txt file for massesProblem with opening txt file for massesProblem with opening txt file for massesProblem with opening txt file for massesProblem with opening txt file for massesProblem with opening txt file for massesProblem with opening txt file for massesProblem with opening txt file for massesProblem with opening txt file for massesProblem with opening txt file for massesProblem with opening txt file for massesProblem with opening txt file for massesProblem with opening txt file for massesProblem with opening txt file for massesProblem with opening txt file for massesProblem with opening txt file for massesProblem with opening txt file for massesProblem with opening txt file for massesProblem with opening txt file for massesProblem with opening txt file for massesProblem with opening txt file for massesProblem with opening txt file for massesProblem with opening txt file for massesProblem with opening txt file for massesProblem with opening txt file for massesProblem with opening txt file for massesProblem with opening txt file for massesProblem with opening txt file for massesProblem with opening txt file for massesProblem with opening txt file for massesProblem with opening txt file for massesProblem with opening txt file for massesProblem with opening txt file for massesProblem with opening txt file for massesProblem with opening txt file for massesProblem with opening txt file for massesProblem with opening txt file for massesProblem with opening txt file for massesProblem with opening txt file for massesProblem with opening txt file for massesProblem with opening txt file for massesProblem with opening txt file for massesProblem with opening txt file for massesProblem with opening txt file for massesProblem with opening txt file for massesProblem with opening txt file for massesProblem with opening txt file for massesProblem with opening txt file for massesProblem with opening txt file for massesProblem with opening txt file for massesProblem with opening txt file for massesProblem with opening txt file for massesProblem with opening txt file for massesProblem with opening txt file for massesProblem with opening txt file for massesProblem with opening txt file for massesProblem with opening txt file for massesProblem with opening txt file for massesProblem with opening txt file for massesProblem with opening txt file for massesProblem with opening txt file for massesProblem with opening txt file for massesProblem with opening txt file for massesProblem with opening txt file for massesProblem with opening txt file for massesProblem with opening txt file for massesProblem with opening txt file for massesProblem with opening txt file for massesProblem with opening txt file for massesProblem with opening txt file for massesProblem with opening txt file for massesProblem with opening txt file for massesProblem with opening txt file for massesProblem with opening txt file for massesProblem with opening txt file for massesProblem with opening txt file for massesProblem with opening txt file for massesProblem with opening txt file for massesProblem with opening txt file for massesProblem with opening txt file for massesProblem with opening txt file for massesProblem with opening txt file for massesProblem with opening txt file for massesProblem with opening txt file for massesProblem with opening txt file for massesProblem with opening txt file for massesProblem with opening txt file for massesProblem with opening txt file for massesProblem with opening txt file for massesProblem with opening txt file for massesProblem with opening txt file for massesProblem with opening txt file for massesProblem with opening txt file for massesProblem with opening txt file for massesProblem with opening txt file for massesProblem with opening txt file for massesProblem with opening txt file for massesProblem with opening txt file for massesProblem with opening txt file for massesProblem with opening txt file for massesProblem with opening txt file for massesProblem with opening txt file for massesProblem with opening txt file for massesProblem with opening txt file for massesProblem with opening txt file for massesProblem with opening txt file for massesProblem with opening txt file for massesProblem with opening txt file for massesProblem with opening txt file for massesProblem with opening txt file for massesProblem with opening txt file for massesProblem with opening txt file for massesProblem with opening txt file for massesProblem with opening txt file for massesProblem with opening txt file for massesProblem with opening txt file for massesProblem with opening txt file for massesProblem with opening txt file for massesProblem with opening txt file for massesProblem with opening txt file for massesProblem with opening txt file for massesProblem with opening txt file for massesProblem with opening txt file for massesProblem with opening txt file for massesProblem with opening txt file for massesProblem with opening txt file for massesProblem with opening txt file for massesProblem with opening txt file for massesProblem with opening txt file for massesProblem with opening txt file for massesProblem with opening txt file for massesProblem with opening txt file for massesProblem with opening txt file for massesProblem with opening txt file for massesProblem with opening txt file for massesProblem with opening txt file for massesProblem with opening txt file for massesProblem with opening txt file for massesProblem with opening txt file for massesProblem with opening txt file for massesProblem with opening txt file for massesProblem with opening txt file for massesProblem with opening txt file for massesProblem with opening txt file for massesProblem with opening txt file for massesProblem with opening txt file for massesProblem with opening txt file for massesProblem with opening txt file for massesProblem with opening txt file for massesProblem with opening txt file for massesProblem with opening txt file for massesProblem with opening txt file for massesProblem with opening txt file for massesProblem with opening txt file for massesProblem with opening txt file for massesProblem with opening txt file for massesProblem with opening txt file for massesProblem with opening txt file for massesProblem with opening txt file for massesProblem with opening txt file for massesProblem with opening txt file for massesProblem with opening txt file for massesProblem with opening txt file for massesProblem with opening txt file for massesProblem with opening txt file for massesProblem with opening txt file for massesProblem with opening txt file for massesProblem with opening txt file for massesProblem with opening txt file for massesProblem with opening txt file for massesProblem with opening txt file for massesProblem with opening txt file for massesProblem with opening txt file for massesProblem with opening txt file for massesProblem with opening txt file for massesProblem with opening txt file for massesProblem with opening txt file for massesProblem with opening txt file for massesProblem with opening txt file for massesProblem with opening txt file for massesProblem with opening txt file for massesProblem with opening txt file for massesProblem with opening txt file for massesProblem with opening txt file for massesProblem with opening txt file for massesProblem with opening txt file for massesProblem with opening txt file for massesProblem with opening txt file for massesProblem with opening txt file for massesProblem with opening txt file for massesProblem with opening txt file for massesProblem with opening txt file for massesProblem with opening txt file for massesProblem with opening txt file for massesProblem with opening txt file for massesProblem with opening txt file for massesProblem with opening txt file for massesProblem with opening txt file for massesProblem with opening txt file for massesProblem with opening txt file for massesProblem with opening txt file for massesProblem with opening txt file for massesProblem with opening txt file for massesProblem with opening txt file for massesProblem with opening txt file for massesProblem with opening txt file for massesProblem with opening txt file for massesProblem with opening txt file for massesProblem with opening txt file for massesProblem with opening txt file for massesProblem with opening txt file for massesProblem with opening txt file for massesProblem with opening txt file for massesProblem with opening txt file for massesProblem with opening txt file for massesProblem with opening txt file for massesProblem with opening txt file for massesProblem with opening txt file for massesProblem with opening txt file for massesProblem with opening txt file for massesProblem with opening txt file for massesProblem with opening txt file for massesProblem with opening txt file for massesProblem with opening txt file for massesProblem with opening txt file for massesProblem with opening txt file for massesProblem with opening txt file for massesProblem with opening txt file for massesProblem with opening txt file for massesProblem with opening txt file for massesProblem with opening txt file for massesProblem with opening txt file for massesProblem with opening txt file for massesProblem with opening txt file for massesProblem with opening txt file for massesProblem with opening txt file for massesProblem with opening txt file for massesProblem with opening txt file for massesProblem with opening txt file for massesProblem with opening txt file for massesProblem with opening txt file for massesProblem with opening txt file for massesProblem with opening txt file for massesProblem with opening txt file for massesProblem with opening txt file for massesProblem with opening txt file for massesProblem with opening txt file for massesProblem with opening txt file for massesProblem with opening txt file for massesProblem with opening txt file for massesProblem with opening txt file for massesProblem with opening txt file for massesProblem with opening txt file for massesProblem with opening txt file for massesProblem with opening txt file for massesProblem with opening txt file for massesProblem with opening txt file for massesProblem with opening txt file for massesProblem with opening txt file for massesProblem with opening txt file for massesProblem with opening txt file for massesProblem with opening txt file for massesProblem with opening txt file for massesProblem with opening txt file for massesProblem with opening txt file for massesProblem with opening txt file for massesProblem with opening txt file for massesProblem with opening txt file for massesProblem with opening txt file for massesProblem with opening txt file for massesProblem with opening txt file for massesProblem with opening txt file for massesProblem with opening txt file for massesProblem with opening txt file for massesProblem with opening txt file for massesProblem with opening txt file for massesProblem with opening txt file for massesProblem with opening txt file for massesProblem with opening txt file for massesProblem with opening txt file for massesProblem with opening txt file for massesProblem with opening txt file for massesProblem with opening txt file for massesProblem with opening txt file for massesProblem with opening txt file for massesProblem with opening txt file for massesProblem with opening txt file for massesProblem with opening txt file for massesProblem with opening txt file for massesProblem with opening txt file for massesProblem with opening txt file for massesProblem with opening txt file for massesProblem with opening txt file for massesProblem with opening txt file for massesProblem with opening txt file for massesProblem with opening txt file for massesProblem with opening txt file for massesProblem with opening txt file for massesProblem with opening txt file for massesProblem with opening txt file for massesProblem with opening txt file for massesProblem with opening txt file for massesProblem with opening txt file for massesProblem with opening txt file for massesProblem with opening txt file for massesProblem with opening txt file for massesProblem with opening txt file for massesProblem with opening txt file for massesProblem with opening txt file for massesProblem with opening txt file for massesProblem with opening txt file for massesProblem with opening txt file for massesProblem with opening txt file for massesProblem with opening txt file for massesProblem with opening txt file for massesProblem with opening txt file for massesProblem with opening txt file for massesProblem with opening txt file for massesProblem with opening txt file for massesProblem with opening txt file for massesProblem with opening txt file for massesProblem with opening txt file for massesProblem with opening txt file for massesProblem with opening txt file for massesProblem with opening txt file for massesProblem with opening txt file for massesProblem with opening txt file for massesProblem with opening txt file for massesProblem with opening txt file for massesProblem with opening txt file for massesProblem with opening txt file for massesProblem with opening txt file for massesProblem with opening txt file for massesProblem with opening txt file for massesProblem with opening txt file for massesProblem with opening txt file for massesProblem with opening txt file for massesProblem with opening txt file for massesProblem with opening txt file for massesProblem with opening txt file for massesProblem with opening txt file for massesProblem with opening txt file for massesProblem with opening txt file for massesProblem with opening txt file for massesProblem with opening txt file for massesProblem with opening txt file for massesProblem with opening txt file for massesProblem with opening txt file for massesProblem with opening txt file for massesProblem with opening txt file for massesProblem with opening txt file for massesProblem with opening txt file for massesProblem with opening txt file for massesProblem with opening txt file for massesProblem with opening txt file for massesProblem with opening txt file for massesProblem with opening txt file for massesProblem with opening txt file for massesProblem with opening txt file for massesProblem with opening txt file for massesProblem with opening txt file for massesProblem with opening txt file for massesProblem with opening txt file for massesProblem with opening txt file for massesProblem with opening txt file for massesProblem with opening txt file for massesProblem with opening txt file for massesProblem with opening txt file for massesProblem with opening txt file for massesProblem with opening txt file for massesProblem with opening txt file for massesProblem with opening txt file for massesProblem with opening txt file for massesProblem with opening txt file for massesProblem with opening txt file for massesProblem with opening txt file for massesProblem with opening txt file for massesProblem with opening txt file for massesProblem with opening txt file for massesProblem with opening txt file for massesProblem with opening txt file for massesProblem with opening txt file for massesProblem with opening txt file for massesProblem with opening txt file for massesProblem with opening txt file for massesProblem with opening txt file for massesProblem with opening txt file for massesProblem with opening txt file for massesProblem with opening txt file for massesProblem with opening txt file for massesProblem with opening txt file for massesProblem with opening txt file for massesProblem with opening txt file for massesProblem with opening txt file for massesProblem with opening txt file for massesProblem with opening txt file for massesProblem with opening txt file for massesProblem with opening txt file for massesProblem with opening txt file for massesProblem with opening txt file for massesProblem with opening txt file for massesProblem with opening txt file for massesProblem with opening txt file for massesProblem with opening txt file for massesProblem with opening txt file for massesProblem with opening txt file for massesProblem with opening txt file for massesProblem with opening txt file for massesProblem with opening txt file for massesProblem with opening txt file for massesProblem with opening txt file for massesProblem with opening txt file for massesProblem with opening txt file for massesProblem with opening txt file for massesProblem with opening txt file for massesProblem with opening txt file for massesProblem with opening txt file for massesProblem with opening txt file for massesProblem with opening txt file for massesProblem with opening txt file for massesProblem with opening txt file for massesProblem with opening txt file for massesProblem with opening txt file for massesProblem with opening txt file for massesProblem with opening txt file for massesProblem with opening txt file for massesProblem with opening txt file for massesProblem with opening txt file for massesProblem with opening txt file for massesProblem with opening txt file for massesProblem with opening txt file for massesProblem with opening txt file for massesProblem with opening txt file for massesProblem with opening txt file for massesProblem with opening txt file for massesProblem with opening txt file for massesProblem with opening txt file for massesProblem with opening txt file for massesProblem with opening txt file for massesProblem with opening txt file for massesProblem with opening txt file for massesProblem with opening txt file for massesProblem with opening txt file for massesProblem with opening txt file for massesProblem with opening txt file for massesProblem with opening txt file for massesProblem with opening txt file for massesProblem with opening txt file for massesProblem with opening txt file for massesProblem with opening txt file for massesProblem with opening txt file for massesProblem with opening txt file for massesProblem with opening txt file for massesProblem with opening txt file for massesProblem with opening txt file for massesProblem with opening txt file for massesProblem with opening txt file for massesProblem with opening txt file for massesProblem with opening txt file for massesProblem with opening txt file for massesProblem with opening txt file for massesProblem with opening txt file for massesProblem with opening txt file for massesProblem with opening txt file for massesProblem with opening txt file for massesProblem with opening txt file for massesProblem with opening txt file for massesProblem with opening txt file for massesProblem with opening txt file for massesProblem with opening txt file for massesProblem with opening txt file for massesProblem with opening txt file for massesProblem with opening txt file for massesProblem with opening txt file for massesProblem with opening txt file for massesProblem with opening txt file for massesProblem with opening txt file for massesProblem with opening txt file for massesProblem with opening txt file for massesProblem with opening txt file for massesProblem with opening txt file for massesProblem with opening txt file for massesProblem with opening txt file for massesProblem with opening txt file for massesProblem with opening txt file for massesProblem with opening txt file for massesProblem with opening txt file for massesProblem with opening txt file for massesProblem with opening txt file for massesProblem with opening txt file for massesProblem with opening txt file for massesProblem with opening txt file for massesProblem with opening txt file for massesProblem with opening txt file for massesProblem with opening txt file for massesProblem with opening txt file for massesProblem with opening txt file for massesProblem with opening txt file for massesProblem with opening txt file for massesProblem with opening txt file for massesProblem with opening txt file for massesProblem with opening txt file for massesProblem with opening txt file for massesProblem with opening txt file for massesProblem with opening txt file for masses


 Real number of cells : 962

End convert to G4World

~~~~~~~~~~~~~~~~~~~~~~~~~~~~~~~~~~~~~~~~~~~~~~~~~~~~~~~~~~~~~~~~~~~~~~~~~~~~~~~
PopulationTest is a Catch v2.2.2 host application.
Run with -? for options

-------------------------------------------------------------------------------
Population test
  Initialize population. No error
-------------------------------------------------------------------------------
/home/levrague/Documents/apps/cpop-2.0/cpop-2.0/test/PopulationTest/test.cc:53
...............................................................................

/home/levrague/Documents/apps/cpop-2.0/cpop-2.0/test/PopulationTest/test.cc:63: FAILED:
  REQUIRE_NOTHROW( population.loadPopulation() )
due to unexpected exception with message:
  Unknown exception

/home/levrague/Documents/apps/cpop-2.0/cpop-2.0/test/PopulationTest/test.cc:63: FAILED:
  {Unknown expression after the reported line}
due to a fatal error condition:
  SIGSEGV - Segmentation violation signal

===============================================================================
test cases:  1 |  0 passed | 1 failed
assertions: 28 | 26 passed | 2 failed

ERROR in cling::CIFactory::createCI(): cannot extract standard library include paths!
Invoking:
  LC_ALL=C ccache   -xc++ -E -v /dev/null 2>&1 | sed -n -e '/^.include/,${' -e '/^ \/.*++/p' -e '}'
Results was:
With exit code 0

 *** Break *** segmentation violation



===========================================================
There was a crash.
This is the entire stack trace of all threads:
===========================================================
#0  0x00007f2490bb6d5f in wait4 () from /usr/lib64/libc.so.6
#1  0x00007f2490b2926b in do_system () from /usr/lib64/libc.so.6
#2  0x00007f2498bef07c in TUnixSystem::StackTrace() () from /home/levrague/Documents/apps/root6/root_v6.24.06.Linux-fedora32-x86_64-gcc10.2/root/lib/libCore.so.6.24
#3  0x00007f2498bec675 in TUnixSystem::DispatchSignals(ESignals) () from /home/levrague/Documents/apps/root6/root_v6.24.06.Linux-fedora32-x86_64-gcc10.2/root/lib/libCore.so.6.24
#4  <signal handler called>
#5  0x00007f2491241da6 in xercesc_3_2::XMLException::~XMLException() () from /usr/lib64/libxerces-c-3.2.so
#6  0x00007f2490e8a313 in __gxx_exception_cleanup(_Unwind_Reason_Code, _Unwind_Exception*) () from /usr/lib64/libstdc++.so.6
#7  0x00000000004a489a in ____C_A_T_C_H____T_E_S_T____0() [clone .cold] ()
#8  0x00000000004d1971 in Catch::RunContext::invokeActiveTestCase() ()
#9  0x00000000004e8495 in Catch::RunContext::runCurrentTest(std::__cxx11::basic_string<char, std::char_traits<char>, std::allocator<char> >&, std::__cxx11::basic_string<char, std::char_traits<char>, std::allocator<char> >&) ()
#10 0x00000000004f0596 in Catch::RunContext::runTest(Catch::TestCase const&) ()
#11 0x00000000004f3bcf in Catch::(anonymous namespace)::runTests(std::shared_ptr<Catch::Config> const&) ()
#12 0x00000000004f413f in Catch::Session::runInternal() ()
#13 0x00000000004f41b8 in Catch::Session::run() ()
#14 0x00000000004b35bb in main ()
===========================================================


The lines below might hint at the cause of the crash.
You may get help by asking at the ROOT forum https://root.cern.ch/forum
Only if you are really convinced it is a bug in ROOT then please submit a
report at https://root.cern.ch/bugs Please post the ENTIRE stack trace
from above as an attachment in addition to anything else
that might help us fixing this issue.
===========================================================
#5  0x00007f2491241da6 in xercesc_3_2::XMLException::~XMLException() () from /usr/lib64/libxerces-c-3.2.so
#6  0x00007f2490e8a313 in __gxx_exception_cleanup(_Unwind_Reason_Code, _Unwind_Exception*) () from /usr/lib64/libstdc++.so.6
#7  0x00000000004a489a in ____C_A_T_C_H____T_E_S_T____0() [clone .cold] ()
#8  0x00000000004d1971 in Catch::RunContext::invokeActiveTestCase() ()
#9  0x00000000004e8495 in Catch::RunContext::runCurrentTest(std::__cxx11::basic_string<char, std::char_traits<char>, std::allocator<char> >&, std::__cxx11::basic_string<char, std::char_traits<char>, std::allocator<char> >&) ()
#10 0x00000000004f0596 in Catch::RunContext::runTest(Catch::TestCase const&) ()
#11 0x00000000004f3bcf in Catch::(anonymous namespace)::runTests(std::shared_ptr<Catch::Config> const&) ()
#12 0x00000000004f413f in Catch::Session::runInternal() ()
#13 0x00000000004f41b8 in Catch::Session::run() ()
#14 0x00000000004b35bb in main ()
===========================================================


<end of output>
Test time =   5.17 sec
----------------------------------------------------------
Test Fail Reason:
Required regular expression not found. Regex=[All tests passed
]
"PopulationCTEST" end time: Aug 02 10:55 CEST
"PopulationCTEST" time elapsed: 00:00:05
----------------------------------------------------------

4/6 Testing: SourceCTEST
4/6 Test: SourceCTEST
Command: "/home/levrague/Documents/apps/cpop-2.0/cpop-2.0/build/test/SourceTest/SourceTest"
Directory: /home/levrague/Documents/apps/cpop-2.0/cpop-2.0/build/test/SourceTest
"SourceCTEST" start time: Aug 02 10:55 CEST
Output:
----------------------------------------------------------


 nb_cell_xml 

1000
  ---    INFORMATION     --- @@@ SpheroidalCellMesh : starting convertion to G4World 
bounding box in G4 reference = 0.120742, 0.120278, 0.124174
origin of the spheroid in G4 reference = -0.00144219 -0.0038558 -0.0101045
  ---    INFORMATION     --- @@@ SpheroidalCellMesh : starting convertion to G4Logical 
Problem with opening txt file for massesProblem with opening txt file for massesProblem with opening txt file for massesProblem with opening txt file for massesProblem with opening txt file for massesProblem with opening txt file for massesProblem with opening txt file for massesProblem with opening txt file for massesProblem with opening txt file for massesProblem with opening txt file for massesProblem with opening txt file for massesProblem with opening txt file for massesProblem with opening txt file for massesProblem with opening txt file for massesProblem with opening txt file for massesProblem with opening txt file for massesProblem with opening txt file for massesProblem with opening txt file for massesProblem with opening txt file for massesProblem with opening txt file for massesProblem with opening txt file for massesProblem with opening txt file for massesProblem with opening txt file for massesProblem with opening txt file for massesProblem with opening txt file for massesProblem with opening txt file for massesProblem with opening txt file for massesProblem with opening txt file for massesProblem with opening txt file for massesProblem with opening txt file for massesProblem with opening txt file for massesProblem with opening txt file for massesProblem with opening txt file for massesProblem with opening txt file for massesProblem with opening txt file for massesProblem with opening txt file for massesProblem with opening txt file for massesProblem with opening txt file for massesProblem with opening txt file for massesProblem with opening txt file for massesProblem with opening txt file for massesProblem with opening txt file for massesProblem with opening txt file for massesProblem with opening txt file for massesProblem with opening txt file for massesProblem with opening txt file for massesProblem with opening txt file for massesProblem with opening txt file for massesProblem with opening txt file for massesProblem with opening txt file for massesProblem with opening txt file for massesProblem with opening txt file for massesProblem with opening txt file for massesProblem with opening txt file for massesProblem with opening txt file for massesProblem with opening txt file for massesProblem with opening txt file for massesProblem with opening txt file for massesProblem with opening txt file for massesProblem with opening txt file for massesProblem with opening txt file for massesProblem with opening txt file for massesProblem with opening txt file for massesProblem with opening txt file for massesProblem with opening txt file for massesProblem with opening txt file for massesProblem with opening txt file for massesProblem with opening txt file for massesProblem with opening txt file for massesProblem with opening txt file for massesProblem with opening txt file for massesProblem with opening txt file for massesProblem with opening txt file for massesProblem with opening txt file for massesProblem with opening txt file for massesProblem with opening txt file for massesProblem with opening txt file for massesProblem with opening txt file for massesProblem with opening txt file for massesProblem with opening txt file for massesProblem with opening txt file for massesProblem with opening txt file for massesProblem with opening txt file for massesProblem with opening txt file for massesProblem with opening txt file for massesProblem with opening txt file for massesProblem with opening txt file for massesProblem with opening txt file for massesProblem with opening txt file for massesProblem with opening txt file for massesProblem with opening txt file for massesProblem with opening txt file for massesProblem with opening txt file for massesProblem with opening txt file for massesProblem with opening txt file for massesProblem with opening txt file for massesProblem with opening txt file for massesProblem with opening txt file for massesProblem with opening txt file for massesProblem with opening txt file for massesProblem with opening txt file for massesProblem with opening txt file for massesProblem with opening txt file for massesProblem with opening txt file for massesProblem with opening txt file for massesProblem with opening txt file for massesProblem with opening txt file for massesProblem with opening txt file for massesProblem with opening txt file for massesProblem with opening txt file for massesProblem with opening txt file for massesProblem with opening txt file for massesProblem with opening txt file for massesProblem with opening txt file for massesProblem with opening txt file for massesProblem with opening txt file for massesProblem with opening txt file for massesProblem with opening txt file for massesProblem with opening txt file for massesProblem with opening txt file for massesProblem with opening txt file for massesProblem with opening txt file for massesProblem with opening txt file for massesProblem with opening txt file for massesProblem with opening txt file for massesProblem with opening txt file for massesProblem with opening txt file for massesProblem with opening txt file for massesProblem with opening txt file for massesProblem with opening txt file for massesProblem with opening txt file for massesProblem with opening txt file for massesProblem with opening txt file for massesProblem with opening txt file for massesProblem with opening txt file for massesProblem with opening txt file for massesProblem with opening txt file for massesProblem with opening txt file for massesProblem with opening txt file for massesProblem with opening txt file for massesProblem with opening txt file for massesProblem with opening txt file for massesProblem with opening txt file for massesProblem with opening txt file for massesProblem with opening txt file for massesProblem with opening txt file for massesProblem with opening txt file for massesProblem with opening txt file for massesProblem with opening txt file for massesProblem with opening txt file for massesProblem with opening txt file for massesProblem with opening txt file for massesProblem with opening txt file for massesProblem with opening txt file for massesProblem with opening txt file for massesProblem with opening txt file for massesProblem with opening txt file for massesProblem with opening txt file for massesProblem with opening txt file for massesProblem with opening txt file for massesProblem with opening txt file for massesProblem with opening txt file for massesProblem with opening txt file for massesProblem with opening txt file for massesProblem with opening txt file for massesProblem with opening txt file for massesProblem with opening txt file for massesProblem with opening txt file for massesProblem with opening txt file for massesProblem with opening txt file for massesProblem with opening txt file for massesProblem with opening txt file for massesProblem with opening txt file for massesProblem with opening txt file for massesProblem with opening txt file for massesProblem with opening txt file for massesProblem with opening txt file for massesProblem with opening txt file for massesProblem with opening txt file for massesProblem with opening txt file for massesProblem with opening txt file for massesProblem with opening txt file for massesProblem with opening txt file for massesProblem with opening txt file for massesProblem with opening txt file for massesProblem with opening txt file for massesProblem with opening txt file for massesProblem with opening txt file for massesProblem with opening txt file for massesProblem with opening txt file for massesProblem with opening txt file for massesProblem with opening txt file for massesProblem with opening txt file for massesProblem with opening txt file for massesProblem with opening txt file for massesProblem with opening txt file for massesProblem with opening txt file for massesProblem with opening txt file for massesProblem with opening txt file for massesProblem with opening txt file for massesProblem with opening txt file for massesProblem with opening txt file for massesProblem with opening txt file for massesProblem with opening txt file for massesProblem with opening txt file for massesProblem with opening txt file for massesProblem with opening txt file for massesProblem with opening txt file for massesProblem with opening txt file for massesProblem with opening txt file for massesProblem with opening txt file for massesProblem with opening txt file for massesProblem with opening txt file for massesProblem with opening txt file for massesProblem with opening txt file for massesProblem with opening txt file for massesProblem with opening txt file for massesProblem with opening txt file for massesProblem with opening txt file for massesProblem with opening txt file for massesProblem with opening txt file for massesProblem with opening txt file for massesProblem with opening txt file for massesProblem with opening txt file for massesProblem with opening txt file for massesProblem with opening txt file for massesProblem with opening txt file for massesProblem with opening txt file for massesProblem with opening txt file for massesProblem with opening txt file for massesProblem with opening txt file for massesProblem with opening txt file for massesProblem with opening txt file for massesProblem with opening txt file for massesProblem with opening txt file for massesProblem with opening txt file for massesProblem with opening txt file for massesProblem with opening txt file for massesProblem with opening txt file for massesProblem with opening txt file for massesProblem with opening txt file for massesProblem with opening txt file for massesProblem with opening txt file for massesProblem with opening txt file for massesProblem with opening txt file for massesProblem with opening txt file for massesProblem with opening txt file for massesProblem with opening txt file for massesProblem with opening txt file for massesProblem with opening txt file for massesProblem with opening txt file for massesProblem with opening txt file for massesProblem with opening txt file for massesProblem with opening txt file for massesProblem with opening txt file for massesProblem with opening txt file for massesProblem with opening txt file for massesProblem with opening txt file for massesProblem with opening txt file for massesProblem with opening txt file for massesProblem with opening txt file for massesProblem with opening txt file for massesProblem with opening txt file for massesProblem with opening txt file for massesProblem with opening txt file for massesProblem with opening txt file for massesProblem with opening txt file for massesProblem with opening txt file for massesProblem with opening txt file for massesProblem with opening txt file for massesProblem with opening txt file for massesProblem with opening txt file for massesProblem with opening txt file for massesProblem with opening txt file for massesProblem with opening txt file for massesProblem with opening txt file for massesProblem with opening txt file for massesProblem with opening txt file for massesProblem with opening txt file for massesProblem with opening txt file for massesProblem with opening txt file for massesProblem with opening txt file for massesProblem with opening txt file for massesProblem with opening txt file for massesProblem with opening txt file for massesProblem with opening txt file for massesProblem with opening txt file for massesProblem with opening txt file for massesProblem with opening txt file for massesProblem with opening txt file for massesProblem with opening txt file for massesProblem with opening txt file for massesProblem with opening txt file for massesProblem with opening txt file for massesProblem with opening txt file for massesProblem with opening txt file for massesProblem with opening txt file for massesProblem with opening txt file for massesProblem with opening txt file for massesProblem with opening txt file for massesProblem with opening txt file for massesProblem with opening txt file for massesProblem with opening txt file for massesProblem with opening txt file for massesProblem with opening txt file for massesProblem with opening txt file for massesProblem with opening txt file for massesProblem with opening txt file for massesProblem with opening txt file for massesProblem with opening txt file for massesProblem with opening txt file for massesProblem with opening txt file for massesProblem with opening txt file for massesProblem with opening txt file for massesProblem with opening txt file for massesProblem with opening txt file for massesProblem with opening txt file for massesProblem with opening txt file for massesProblem with opening txt file for massesProblem with opening txt file for massesProblem with opening txt file for massesProblem with opening txt file for massesProblem with opening txt file for massesProblem with opening txt file for massesProblem with opening txt file for massesProblem with opening txt file for massesProblem with opening txt file for massesProblem with opening txt file for massesProblem with opening txt file for massesProblem with opening txt file for massesProblem with opening txt file for massesProblem with opening txt file for massesProblem with opening txt file for massesProblem with opening txt file for massesProblem with opening txt file for massesProblem with opening txt file for massesProblem with opening txt file for massesProblem with opening txt file for massesProblem with opening txt file for massesProblem with opening txt file for massesProblem with opening txt file for massesProblem with opening txt file for massesProblem with opening txt file for massesProblem with opening txt file for massesProblem with opening txt file for massesProblem with opening txt file for massesProblem with opening txt file for massesProblem with opening txt file for massesProblem with opening txt file for massesProblem with opening txt file for massesProblem with opening txt file for massesProblem with opening txt file for massesProblem with opening txt file for massesProblem with opening txt file for massesProblem with opening txt file for massesProblem with opening txt file for massesProblem with opening txt file for massesProblem with opening txt file for massesProblem with opening txt file for massesProblem with opening txt file for massesProblem with opening txt file for massesProblem with opening txt file for massesProblem with opening txt file for massesProblem with opening txt file for massesProblem with opening txt file for massesProblem with opening txt file for massesProblem with opening txt file for massesProblem with opening txt file for massesProblem with opening txt file for massesProblem with opening txt file for massesProblem with opening txt file for massesProblem with opening txt file for massesProblem with opening txt file for massesProblem with opening txt file for massesProblem with opening txt file for massesProblem with opening txt file for massesProblem with opening txt file for massesProblem with opening txt file for massesProblem with opening txt file for massesProblem with opening txt file for massesProblem with opening txt file for massesProblem with opening txt file for massesProblem with opening txt file for massesProblem with opening txt file for massesProblem with opening txt file for massesProblem with opening txt file for massesProblem with opening txt file for massesProblem with opening txt file for massesProblem with opening txt file for massesProblem with opening txt file for massesProblem with opening txt file for massesProblem with opening txt file for massesProblem with opening txt file for massesProblem with opening txt file for massesProblem with opening txt file for massesProblem with opening txt file for massesProblem with opening txt file for massesProblem with opening txt file for massesProblem with opening txt file for massesProblem with opening txt file for massesProblem with opening txt file for massesProblem with opening txt file for massesProblem with opening txt file for massesProblem with opening txt file for massesProblem with opening txt file for massesProblem with opening txt file for massesProblem with opening txt file for massesProblem with opening txt file for massesProblem with opening txt file for massesProblem with opening txt file for massesProblem with opening txt file for massesProblem with opening txt file for massesProblem with opening txt file for massesProblem with opening txt file for massesProblem with opening txt file for massesProblem with opening txt file for massesProblem with opening txt file for massesProblem with opening txt file for massesProblem with opening txt file for massesProblem with opening txt file for massesProblem with opening txt file for massesProblem with opening txt file for massesProblem with opening txt file for massesProblem with opening txt file for massesProblem with opening txt file for massesProblem with opening txt file for massesProblem with opening txt file for massesProblem with opening txt file for massesProblem with opening txt file for massesProblem with opening txt file for massesProblem with opening txt file for massesProblem with opening txt file for massesProblem with opening txt file for massesProblem with opening txt file for massesProblem with opening txt file for massesProblem with opening txt file for massesProblem with opening txt file for massesProblem with opening txt file for massesProblem with opening txt file for massesProblem with opening txt file for massesProblem with opening txt file for massesProblem with opening txt file for massesProblem with opening txt file for massesProblem with opening txt file for massesProblem with opening txt file for massesProblem with opening txt file for massesProblem with opening txt file for massesProblem with opening txt file for massesProblem with opening txt file for massesProblem with opening txt file for massesProblem with opening txt file for massesProblem with opening txt file for massesProblem with opening txt file for massesProblem with opening txt file for massesProblem with opening txt file for massesProblem with opening txt file for massesProblem with opening txt file for massesProblem with opening txt file for massesProblem with opening txt file for massesProblem with opening txt file for massesProblem with opening txt file for massesProblem with opening txt file for massesProblem with opening txt file for massesProblem with opening txt file for massesProblem with opening txt file for massesProblem with opening txt file for massesProblem with opening txt file for massesProblem with opening txt file for massesProblem with opening txt file for massesProblem with opening txt file for massesProblem with opening txt file for massesProblem with opening txt file for massesProblem with opening txt file for massesProblem with opening txt file for massesProblem with opening txt file for massesProblem with opening txt file for massesProblem with opening txt file for massesProblem with opening txt file for massesProblem with opening txt file for massesProblem with opening txt file for massesProblem with opening txt file for massesProblem with opening txt file for massesProblem with opening txt file for massesProblem with opening txt file for massesProblem with opening txt file for massesProblem with opening txt file for massesProblem with opening txt file for massesProblem with opening txt file for massesProblem with opening txt file for massesProblem with opening txt file for massesProblem with opening txt file for massesProblem with opening txt file for massesProblem with opening txt file for massesProblem with opening txt file for massesProblem with opening txt file for massesProblem with opening txt file for massesProblem with opening txt file for massesProblem with opening txt file for massesProblem with opening txt file for massesProblem with opening txt file for massesProblem with opening txt file for massesProblem with opening txt file for massesProblem with opening txt file for massesProblem with opening txt file for massesProblem with opening txt file for massesProblem with opening txt file for massesProblem with opening txt file for massesProblem with opening txt file for massesProblem with opening txt file for massesProblem with opening txt file for massesProblem with opening txt file for massesProblem with opening txt file for massesProblem with opening txt file for massesProblem with opening txt file for massesProblem with opening txt file for massesProblem with opening txt file for massesProblem with opening txt file for massesProblem with opening txt file for massesProblem with opening txt file for massesProblem with opening txt file for massesProblem with opening txt file for massesProblem with opening txt file for massesProblem with opening txt file for massesProblem with opening txt file for massesProblem with opening txt file for massesProblem with opening txt file for massesProblem with opening txt file for massesProblem with opening txt file for massesProblem with opening txt file for massesProblem with opening txt file for massesProblem with opening txt file for massesProblem with opening txt file for massesProblem with opening txt file for massesProblem with opening txt file for massesProblem with opening txt file for massesProblem with opening txt file for massesProblem with opening txt file for massesProblem with opening txt file for massesProblem with opening txt file for massesProblem with opening txt file for massesProblem with opening txt file for massesProblem with opening txt file for massesProblem with opening txt file for massesProblem with opening txt file for massesProblem with opening txt file for massesProblem with opening txt file for massesProblem with opening txt file for massesProblem with opening txt file for massesProblem with opening txt file for massesProblem with opening txt file for massesProblem with opening txt file for massesProblem with opening txt file for massesProblem with opening txt file for massesProblem with opening txt file for massesProblem with opening txt file for massesProblem with opening txt file for massesProblem with opening txt file for massesProblem with opening txt file for massesProblem with opening txt file for massesProblem with opening txt file for massesProblem with opening txt file for massesProblem with opening txt file for massesProblem with opening txt file for massesProblem with opening txt file for massesProblem with opening txt file for massesProblem with opening txt file for massesProblem with opening txt file for massesProblem with opening txt file for massesProblem with opening txt file for massesProblem with opening txt file for massesProblem with opening txt file for massesProblem with opening txt file for massesProblem with opening txt file for massesProblem with opening txt file for massesProblem with opening txt file for massesProblem with opening txt file for massesProblem with opening txt file for massesProblem with opening txt file for massesProblem with opening txt file for massesProblem with opening txt file for massesProblem with opening txt file for massesProblem with opening txt file for massesProblem with opening txt file for massesProblem with opening txt file for massesProblem with opening txt file for massesProblem with opening txt file for massesProblem with opening txt file for massesProblem with opening txt file for massesProblem with opening txt file for massesProblem with opening txt file for massesProblem with opening txt file for massesProblem with opening txt file for massesProblem with opening txt file for massesProblem with opening txt file for massesProblem with opening txt file for massesProblem with opening txt file for massesProblem with opening txt file for massesProblem with opening txt file for massesProblem with opening txt file for massesProblem with opening txt file for massesProblem with opening txt file for massesProblem with opening txt file for massesProblem with opening txt file for massesProblem with opening txt file for massesProblem with opening txt file for massesProblem with opening txt file for massesProblem with opening txt file for massesProblem with opening txt file for massesProblem with opening txt file for massesProblem with opening txt file for massesProblem with opening txt file for massesProblem with opening txt file for massesProblem with opening txt file for massesProblem with opening txt file for massesProblem with opening txt file for massesProblem with opening txt file for massesProblem with opening txt file for massesProblem with opening txt file for massesProblem with opening txt file for massesProblem with opening txt file for massesProblem with opening txt file for massesProblem with opening txt file for massesProblem with opening txt file for massesProblem with opening txt file for massesProblem with opening txt file for massesProblem with opening txt file for massesProblem with opening txt file for massesProblem with opening txt file for massesProblem with opening txt file for massesProblem with opening txt file for massesProblem with opening txt file for massesProblem with opening txt file for massesProblem with opening txt file for massesProblem with opening txt file for massesProblem with opening txt file for massesProblem with opening txt file for massesProblem with opening txt file for massesProblem with opening txt file for massesProblem with opening txt file for massesProblem with opening txt file for massesProblem with opening txt file for massesProblem with opening txt file for massesProblem with opening txt file for massesProblem with opening txt file for massesProblem with opening txt file for massesProblem with opening txt file for massesProblem with opening txt file for massesProblem with opening txt file for massesProblem with opening txt file for massesProblem with opening txt file for massesProblem with opening txt file for massesProblem with opening txt file for massesProblem with opening txt file for massesProblem with opening txt file for massesProblem with opening txt file for massesProblem with opening txt file for massesProblem with opening txt file for massesProblem with opening txt file for massesProblem with opening txt file for massesProblem with opening txt file for massesProblem with opening txt file for massesProblem with opening txt file for massesProblem with opening txt file for massesProblem with opening txt file for massesProblem with opening txt file for massesProblem with opening txt file for massesProblem with opening txt file for massesProblem with opening txt file for massesProblem with opening txt file for massesProblem with opening txt file for massesProblem with opening txt file for massesProblem with opening txt file for massesProblem with opening txt file for massesProblem with opening txt file for massesProblem with opening txt file for massesProblem with opening txt file for massesProblem with opening txt file for massesProblem with opening txt file for massesProblem with opening txt file for massesProblem with opening txt file for massesProblem with opening txt file for massesProblem with opening txt file for massesProblem with opening txt file for massesProblem with opening txt file for massesProblem with opening txt file for massesProblem with opening txt file for massesProblem with opening txt file for massesProblem with opening txt file for massesProblem with opening txt file for massesProblem with opening txt file for massesProblem with opening txt file for massesProblem with opening txt file for massesProblem with opening txt file for massesProblem with opening txt file for massesProblem with opening txt file for massesProblem with opening txt file for massesProblem with opening txt file for massesProblem with opening txt file for massesProblem with opening txt file for massesProblem with opening txt file for massesProblem with opening txt file for massesProblem with opening txt file for massesProblem with opening txt file for massesProblem with opening txt file for massesProblem with opening txt file for massesProblem with opening txt file for massesProblem with opening txt file for massesProblem with opening txt file for massesProblem with opening txt file for massesProblem with opening txt file for massesProblem with opening txt file for massesProblem with opening txt file for massesProblem with opening txt file for massesProblem with opening txt file for massesProblem with opening txt file for massesProblem with opening txt file for massesProblem with opening txt file for massesProblem with opening txt file for massesProblem with opening txt file for massesProblem with opening txt file for massesProblem with opening txt file for massesProblem with opening txt file for massesProblem with opening txt file for massesProblem with opening txt file for massesProblem with opening txt file for massesProblem with opening txt file for massesProblem with opening txt file for massesProblem with opening txt file for massesProblem with opening txt file for massesProblem with opening txt file for massesProblem with opening txt file for massesProblem with opening txt file for massesProblem with opening txt file for massesProblem with opening txt file for massesProblem with opening txt file for massesProblem with opening txt file for massesProblem with opening txt file for massesProblem with opening txt file for massesProblem with opening txt file for massesProblem with opening txt file for massesProblem with opening txt file for massesProblem with opening txt file for massesProblem with opening txt file for massesProblem with opening txt file for massesProblem with opening txt file for massesProblem with opening txt file for massesProblem with opening txt file for massesProblem with opening txt file for massesProblem with opening txt file for massesProblem with opening txt file for massesProblem with opening txt file for massesProblem with opening txt file for massesProblem with opening txt file for massesProblem with opening txt file for massesProblem with opening txt file for massesProblem with opening txt file for massesProblem with opening txt file for massesProblem with opening txt file for massesProblem with opening txt file for massesProblem with opening txt file for massesProblem with opening txt file for massesProblem with opening txt file for massesProblem with opening txt file for massesProblem with opening txt file for massesProblem with opening txt file for massesProblem with opening txt file for massesProblem with opening txt file for massesProblem with opening txt file for massesProblem with opening txt file for massesProblem with opening txt file for massesProblem with opening txt file for massesProblem with opening txt file for massesProblem with opening txt file for massesProblem with opening txt file for massesProblem with opening txt file for massesProblem with opening txt file for massesProblem with opening txt file for massesProblem with opening txt file for massesProblem with opening txt file for massesProblem with opening txt file for massesProblem with opening txt file for massesProblem with opening txt file for massesProblem with opening txt file for massesProblem with opening txt file for massesProblem with opening txt file for massesProblem with opening txt file for massesProblem with opening txt file for massesProblem with opening txt file for massesProblem with opening txt file for massesProblem with opening txt file for massesProblem with opening txt file for massesProblem with opening txt file for massesProblem with opening txt file for massesProblem with opening txt file for massesProblem with opening txt file for massesProblem with opening txt file for massesProblem with opening txt file for massesProblem with opening txt file for massesProblem with opening txt file for massesProblem with opening txt file for massesProblem with opening txt file for massesProblem with opening txt file for massesProblem with opening txt file for massesProblem with opening txt file for massesProblem with opening txt file for massesProblem with opening txt file for massesProblem with opening txt file for massesProblem with opening txt file for massesProblem with opening txt file for massesProblem with opening txt file for massesProblem with opening txt file for massesProblem with opening txt file for massesProblem with opening txt file for massesProblem with opening txt file for massesProblem with opening txt file for massesProblem with opening txt file for massesProblem with opening txt file for massesProblem with opening txt file for massesProblem with opening txt file for massesProblem with opening txt file for massesProblem with opening txt file for massesProblem with opening txt file for massesProblem with opening txt file for massesProblem with opening txt file for massesProblem with opening txt file for massesProblem with opening txt file for massesProblem with opening txt file for massesProblem with opening txt file for massesProblem with opening txt file for massesProblem with opening txt file for massesProblem with opening txt file for massesProblem with opening txt file for massesProblem with opening txt file for massesProblem with opening txt file for massesProblem with opening txt file for massesProblem with opening txt file for massesProblem with opening txt file for massesProblem with opening txt file for massesProblem with opening txt file for massesProblem with opening txt file for massesProblem with opening txt file for massesProblem with opening txt file for mas
[...]
ening txt file for massesProblem with opening txt file for massesProblem with opening txt file for massesProblem with opening txt file for massesProblem with opening txt file for massesProblem with opening txt file for massesProblem with opening txt file for massesProblem with opening txt file for massesProblem with opening txt file for massesProblem with opening txt file for massesProblem with opening txt file for massesProblem with opening txt file for massesProblem with opening txt file for massesProblem with opening txt file for massesProblem with opening txt file for massesProblem with opening txt file for massesProblem with opening txt file for massesProblem with opening txt file for massesProblem with opening txt file for massesProblem with opening txt file for massesProblem with opening txt file for massesProblem with opening txt file for massesProblem with opening txt file for massesProblem with opening txt file for massesProblem with opening txt file for massesProblem with opening txt file for massesProblem with opening txt file for massesProblem with opening txt file for massesProblem with opening txt file for massesProblem with opening txt file for massesProblem with opening txt file for massesProblem with opening txt file for massesProblem with opening txt file for massesProblem with opening txt file for massesProblem with opening txt file for massesProblem with opening txt file for massesProblem with opening txt file for massesProblem with opening txt file for massesProblem with opening txt file for massesProblem with opening txt file for massesProblem with opening txt file for massesProblem with opening txt file for massesProblem with opening txt file for massesProblem with opening txt file for massesProblem with opening txt file for massesProblem with opening txt file for massesProblem with opening txt file for massesProblem with opening txt file for massesProblem with opening txt file for massesProblem with opening txt file for massesProblem with opening txt file for massesProblem with opening txt file for massesProblem with opening txt file for massesProblem with opening txt file for massesProblem with opening txt file for massesProblem with opening txt file for massesProblem with opening txt file for massesProblem with opening txt file for massesProblem with opening txt file for massesProblem with opening txt file for massesProblem with opening txt file for massesProblem with opening txt file for massesProblem with opening txt file for massesProblem with opening txt file for massesProblem with opening txt file for massesProblem with opening txt file for massesProblem with opening txt file for massesProblem with opening txt file for massesProblem with opening txt file for massesProblem with opening txt file for massesProblem with opening txt file for massesProblem with opening txt file for massesProblem with opening txt file for massesProblem with opening txt file for massesProblem with opening txt file for massesProblem with opening txt file for massesProblem with opening txt file for massesProblem with opening txt file for massesProblem with opening txt file for massesProblem with opening txt file for massesProblem with opening txt file for massesProblem with opening txt file for massesProblem with opening txt file for massesProblem with opening txt file for massesProblem with opening txt file for massesProblem with opening txt file for massesProblem with opening txt file for massesProblem with opening txt file for massesProblem with opening txt file for massesProblem with opening txt file for massesProblem with opening txt file for massesProblem with opening txt file for massesProblem with opening txt file for massesProblem with opening txt file for massesProblem with opening txt file for massesProblem with opening txt file for massesProblem with opening txt file for massesProblem with opening txt file for massesProblem with opening txt file for massesProblem with opening txt file for massesProblem with opening txt file for massesProblem with opening txt file for massesProblem with opening txt file for massesProblem with opening txt file for massesProblem with opening txt file for massesProblem with opening txt file for massesProblem with opening txt file for massesProblem with opening txt file for massesProblem with opening txt file for massesProblem with opening txt file for massesProblem with opening txt file for massesProblem with opening txt file for massesProblem with opening txt file for massesProblem with opening txt file for massesProblem with opening txt file for massesProblem with opening txt file for massesProblem with opening txt file for massesProblem with opening txt file for massesProblem with opening txt file for massesProblem with opening txt file for massesProblem with opening txt file for massesProblem with opening txt file for massesProblem with opening txt file for massesProblem with opening txt file for massesProblem with opening txt file for massesProblem with opening txt file for massesProblem with opening txt file for massesProblem with opening txt file for massesProblem with opening txt file for massesProblem with opening txt file for massesProblem with opening txt file for massesProblem with opening txt file for massesProblem with opening txt file for massesProblem with opening txt file for massesProblem with opening txt file for massesProblem with opening txt file for massesProblem with opening txt file for massesProblem with opening txt file for massesProblem with opening txt file for massesProblem with opening txt file for massesProblem with opening txt file for massesProblem with opening txt file for massesProblem with opening txt file for massesProblem with opening txt file for massesProblem with opening txt file for massesProblem with opening txt file for massesProblem with opening txt file for massesProblem with opening txt file for massesProblem with opening txt file for massesProblem with opening txt file for massesProblem with opening txt file for massesProblem with opening txt file for massesProblem with opening txt file for massesProblem with opening txt file for massesProblem with opening txt file for massesProblem with opening txt file for massesProblem with opening txt file for massesProblem with opening txt file for massesProblem with opening txt file for massesProblem with opening txt file for massesProblem with opening txt file for massesProblem with opening txt file for massesProblem with opening txt file for massesProblem with opening txt file for massesProblem with opening txt file for massesProblem with opening txt file for massesProblem with opening txt file for massesProblem with opening txt file for massesProblem with opening txt file for massesProblem with opening txt file for massesProblem with opening txt file for massesProblem with opening txt file for massesProblem with opening txt file for massesProblem with opening txt file for massesProblem with opening txt file for massesProblem with opening txt file for massesProblem with opening txt file for massesProblem with opening txt file for massesProblem with opening txt file for massesProblem with opening txt file for massesProblem with opening txt file for massesProblem with opening txt file for massesProblem with opening txt file for massesProblem with opening txt file for massesProblem with opening txt file for massesProblem with opening txt file for massesProblem with opening txt file for massesProblem with opening txt file for massesProblem with opening txt file for massesProblem with opening txt file for massesProblem with opening txt file for massesProblem with opening txt file for massesProblem with opening txt file for massesProblem with opening txt file for massesProblem with opening txt file for massesProblem with opening txt file for massesProblem with opening txt file for massesProblem with opening txt file for massesProblem with opening txt file for massesProblem with opening txt file for massesProblem with opening txt file for massesProblem with opening txt file for massesProblem with opening txt file for massesProblem with opening txt file for massesProblem with opening txt file for massesProblem with opening txt file for massesProblem with opening txt file for massesProblem with opening txt file for massesProblem with opening txt file for massesProblem with opening txt file for massesProblem with opening txt file for massesProblem with opening txt file for massesProblem with opening txt file for massesProblem with opening txt file for massesProblem with opening txt file for massesProblem with opening txt file for massesProblem with opening txt file for massesProblem with opening txt file for massesProblem with opening txt file for massesProblem with opening txt file for massesProblem with opening txt file for massesProblem with opening txt file for massesProblem with opening txt file for massesProblem with opening txt file for massesProblem with opening txt file for massesProblem with opening txt file for massesProblem with opening txt file for massesProblem with opening txt file for massesProblem with opening txt file for massesProblem with opening txt file for massesProblem with opening txt file for massesProblem with opening txt file for massesProblem with opening txt file for massesProblem with opening txt file for massesProblem with opening txt file for massesProblem with opening txt file for massesProblem with opening txt file for massesProblem with opening txt file for massesProblem with opening txt file for massesProblem with opening txt file for massesProblem with opening txt file for massesProblem with opening txt file for massesProblem with opening txt file for massesProblem with opening txt file for massesProblem with opening txt file for massesProblem with opening txt file for massesProblem with opening txt file for massesProblem with opening txt file for massesProblem with opening txt file for massesProblem with opening txt file for massesProblem with opening txt file for massesProblem with opening txt file for massesProblem with opening txt file for massesProblem with opening txt file for massesProblem with opening txt file for massesProblem with opening txt file for massesProblem with opening txt file for massesProblem with opening txt file for massesProblem with opening txt file for massesProblem with opening txt file for massesProblem with opening txt file for massesProblem with opening txt file for massesProblem with opening txt file for massesProblem with opening txt file for massesProblem with opening txt file for massesProblem with opening txt file for massesProblem with opening txt file for massesProblem with opening txt file for massesProblem with opening txt file for massesProblem with opening txt file for massesProblem with opening txt file for massesProblem with opening txt file for massesProblem with opening txt file for massesProblem with opening txt file for massesProblem with opening txt file for massesProblem with opening txt file for massesProblem with opening txt file for massesProblem with opening txt file for massesProblem with opening txt file for massesProblem with opening txt file for massesProblem with opening txt file for massesProblem with opening txt file for massesProblem with opening txt file for massesProblem with opening txt file for massesProblem with opening txt file for massesProblem with opening txt file for massesProblem with opening txt file for massesProblem with opening txt file for massesProblem with opening txt file for massesProblem with opening txt file for massesProblem with opening txt file for massesProblem with opening txt file for massesProblem with opening txt file for massesProblem with opening txt file for massesProblem with opening txt file for massesProblem with opening txt file for massesProblem with opening txt file for massesProblem with opening txt file for massesProblem with opening txt file for massesProblem with opening txt file for massesProblem with opening txt file for massesProblem with opening txt file for massesProblem with opening txt file for massesProblem with opening txt file for massesProblem with opening txt file for massesProblem with opening txt file for massesProblem with opening txt file for massesProblem with opening txt file for massesProblem with opening txt file for massesProblem with opening txt file for massesProblem with opening txt file for massesProblem with opening txt file for massesProblem with opening txt file for massesProblem with opening txt file for massesProblem with opening txt file for massesProblem with opening txt file for massesProblem with opening txt file for massesProblem with opening txt file for massesProblem with opening txt file for massesProblem with opening txt file for massesProblem with opening txt file for massesProblem with opening txt file for massesProblem with opening txt file for massesProblem with opening txt file for massesProblem with opening txt file for massesProblem with opening txt file for massesProblem with opening txt file for massesProblem with opening txt file for massesProblem with opening txt file for massesProblem with opening txt file for massesProblem with opening txt file for massesProblem with opening txt file for massesProblem with opening txt file for massesProblem with opening txt file for massesProblem with opening txt file for massesProblem with opening txt file for massesProblem with opening txt file for massesProblem with opening txt file for massesProblem with opening txt file for massesProblem with opening txt file for massesProblem with opening txt file for massesProblem with opening txt file for massesProblem with opening txt file for massesProblem with opening txt file for massesProblem with opening txt file for massesProblem with opening txt file for massesProblem with opening txt file for massesProblem with opening txt file for massesProblem with opening txt file for massesProblem with opening txt file for massesProblem with opening txt file for massesProblem with opening txt file for massesProblem with opening txt file for massesProblem with opening txt file for massesProblem with opening txt file for massesProblem with opening txt file for massesProblem with opening txt file for massesProblem with opening txt file for massesProblem with opening txt file for massesProblem with opening txt file for massesProblem with opening txt file for massesProblem with opening txt file for massesProblem with opening txt file for massesProblem with opening txt file for massesProblem with opening txt file for massesProblem with opening txt file for massesProblem with opening txt file for massesProblem with opening txt file for massesProblem with opening txt file for massesProblem with opening txt file for massesProblem with opening txt file for massesProblem with opening txt file for masses


 Real number of cells : 962

End convert to G4World

~~~~~~~~~~~~~~~~~~~~~~~~~~~~~~~~~~~~~~~~~~~~~~~~~~~~~~~~~~~~~~~~~~~~~~~~~~~~~~~
PgaTest is a Catch v2.2.2 host application.
Run with -? for options

-------------------------------------------------------------------------------
Primary Generator Action test
  Both
-------------------------------------------------------------------------------
/home/levrague/Documents/apps/cpop-2.0/cpop-2.0/test/PgaTest/test.cc:83
...............................................................................

/home/levrague/Documents/apps/cpop-2.0/cpop-2.0/test/PgaTest/test.cc:83: FAILED:
due to unexpected exception with message:
  Unknown exception

ERROR in cling::CIFactory::createCI(): cannot extract standard library include paths!
Invoking:
  LC_ALL=C ccache   -xc++ -E -v /dev/null 2>&1 | sed -n -e '/^.include/,${' -e '/^ \/.*++/p' -e '}'
Results was:
With exit code 0

 *** Break *** segmentation violation



===========================================================
There was a crash.
This is the entire stack trace of all threads:
===========================================================
#0  0x00007f74dd7e4d5f in wait4 () from /usr/lib64/libc.so.6
#1  0x00007f74dd75726b in do_system () from /usr/lib64/libc.so.6
#2  0x00007f74e581d07c in TUnixSystem::StackTrace() () from /home/levrague/Documents/apps/root6/root_v6.24.06.Linux-fedora32-x86_64-gcc10.2/root/lib/libCore.so.6.24
#3  0x00007f74e581a675 in TUnixSystem::DispatchSignals(ESignals) () from /home/levrague/Documents/apps/root6/root_v6.24.06.Linux-fedora32-x86_64-gcc10.2/root/lib/libCore.so.6.24
#4  <signal handler called>
#5  0x0000000000000020 in ?? ()
#6  0x00007f74dde6fda8 in xercesc_3_2::XMLException::~XMLException() () from /usr/lib64/libxerces-c-3.2.so
#7  0x00007f74ddab8313 in __gxx_exception_cleanup(_Unwind_Reason_Code, _Unwind_Exception*) () from /usr/lib64/libstdc++.so.6
#8  0x00000000004a5101 in Catch::RunContext::runCurrentTest (this=0x7ffc69a13ad0, redirectedCout=..., redirectedCerr="") at /home/levrague/Documents/apps/cpop-2.0/cpop-2.0/test/include/catch.hpp:8818
#9  0x00000000004f9236 in Catch::RunContext::runTest (this=0x7ffc69a13ad0, testCase=...) at /home/levrague/Documents/apps/cpop-2.0/cpop-2.0/test/include/catch.hpp:8595
#10 0x00000000004fc86f in Catch::(anonymous namespace)::runTests (config=std::shared_ptr<Catch::Config> (use count 4, weak count 0) = {...}) at /home/levrague/Documents/apps/cpop-2.0/cpop-2.0/test/include/catch.hpp:9135
#11 0x00000000004fcddf in Catch::Session::runInternal (this=0x7ffc69a13df0) at /home/levrague/Documents/apps/cpop-2.0/cpop-2.0/test/include/catch.hpp:9333
#12 0x00000000004fce58 in Catch::Session::run (this=0x7ffc69a13df0) at /home/levrague/Documents/apps/cpop-2.0/cpop-2.0/test/include/catch.hpp:9290
#13 0x00000000004b7f4b in main (argc=1, argv=0x7ffc69a14098) at /home/levrague/Documents/apps/cpop-2.0/cpop-2.0/test/include/catch.hpp:12750
===========================================================


The lines below might hint at the cause of the crash.
You may get help by asking at the ROOT forum https://root.cern.ch/forum
Only if you are really convinced it is a bug in ROOT then please submit a
report at https://root.cern.ch/bugs Please post the ENTIRE stack trace
from above as an attachment in addition to anything else
that might help us fixing this issue.
===========================================================
#5  0x0000000000000020 in ?? ()
#6  0x00007f74dde6fda8 in xercesc_3_2::XMLException::~XMLException() () from /usr/lib64/libxerces-c-3.2.so
#7  0x00007f74ddab8313 in __gxx_exception_cleanup(_Unwind_Reason_Code, _Unwind_Exception*) () from /usr/lib64/libstdc++.so.6
#8  0x00000000004a5101 in Catch::RunContext::runCurrentTest (this=0x7ffc69a13ad0, redirectedCout=..., redirectedCerr="") at /home/levrague/Documents/apps/cpop-2.0/cpop-2.0/test/include/catch.hpp:8818
#9  0x00000000004f9236 in Catch::RunContext::runTest (this=0x7ffc69a13ad0, testCase=...) at /home/levrague/Documents/apps/cpop-2.0/cpop-2.0/test/include/catch.hpp:8595
#10 0x00000000004fc86f in Catch::(anonymous namespace)::runTests (config=std::shared_ptr<Catch::Config> (use count 4, weak count 0) = {...}) at /home/levrague/Documents/apps/cpop-2.0/cpop-2.0/test/include/catch.hpp:9135
#11 0x00000000004fcddf in Catch::Session::runInternal (this=0x7ffc69a13df0) at /home/levrague/Documents/apps/cpop-2.0/cpop-2.0/test/include/catch.hpp:9333
#12 0x00000000004fce58 in Catch::Session::run (this=0x7ffc69a13df0) at /home/levrague/Documents/apps/cpop-2.0/cpop-2.0/test/include/catch.hpp:9290
#13 0x00000000004b7f4b in main (argc=1, argv=0x7ffc69a14098) at /home/levrague/Documents/apps/cpop-2.0/cpop-2.0/test/include/catch.hpp:12750
===========================================================


<end of output>
Test time =   4.98 sec
----------------------------------------------------------
Test Fail Reason:
Required regular expression not found. Regex=[All tests passed
]
"PgaCTEST" end time: Aug 02 10:55 CEST
"PgaCTEST" time elapsed: 00:00:04
----------------------------------------------------------

End testing: Aug 02 10:55 CEST
